<?xml version="1.0" encoding="UTF-8"?>
<testsuite name="CalculatorTest.IncomeTaxCalculatorTest" tests="1" skipped="0" failures="0" errors="0" timestamp="2020-04-24T04:14:29" hostname="C02Y32E2JG5J" time="0.0">
  <properties/>
  <testcase name="calcIncomeTax" classname="CalculatorTest.IncomeTaxCalculatorTest" time="0.0"/>
  <system-out><![CDATA[]]></system-out>
  <system-err><![CDATA[]]></system-err>
</testsuite>
