<?xml version="1.0" encoding="UTF-8"?>
<testsuite name="ValidateInputTest.InputValidationTest" tests="4" skipped="0" failures="0" errors="0" timestamp="2020-04-27T04:42:17" hostname="C02Y32E2JG5J" time="0.001">
  <properties/>
  <testcase name="returnsFalseForInvalidSalary" classname="ValidateInputTest.InputValidationTest" time="0.001"/>
  <testcase name="returnsTrueForInteger" classname="ValidateInputTest.InputValidationTest" time="0.0"/>
  <testcase name="returnsFalseForInvalidSuper" classname="ValidateInputTest.InputValidationTest" time="0.0"/>
  <testcase name="returnsTrueForDouble" classname="ValidateInputTest.InputValidationTest" time="0.0"/>
  <system-out><![CDATA[]]></system-out>
  <system-err><![CDATA[]]></system-err>
</testsuite>
