<?xml version="1.0" encoding="UTF-8"?>
<testsuite name="ValidateInputTest.InputValidationTest" tests="2" skipped="0" failures="0" errors="0" timestamp="2020-04-24T02:53:02" hostname="C02Y32E2JG5J" time="0.0">
  <properties/>
  <testcase name="returnsTrueForInteger" classname="ValidateInputTest.InputValidationTest" time="0.0"/>
  <testcase name="returnsTrueForDouble" classname="ValidateInputTest.InputValidationTest" time="0.0"/>
  <system-out><![CDATA[]]></system-out>
  <system-err><![CDATA[]]></system-err>
</testsuite>
