<?xml version="1.0" encoding="UTF-8"?>
<testsuite name="CalculatorTest.PaySlipCalculatorTest" tests="1" skipped="0" failures="0" errors="0" timestamp="2020-04-24T04:14:29" hostname="C02Y32E2JG5J" time="0.001">
  <properties/>
  <testcase name="payslipCalculator" classname="CalculatorTest.PaySlipCalculatorTest" time="0.001"/>
  <system-out><![CDATA[

]]></system-out>
  <system-err><![CDATA[]]></system-err>
</testsuite>
