<?xml version="1.0" encoding="UTF-8"?>
<testsuite name="ProcessTest.SuperCalculatorTest" tests="1" skipped="0" failures="0" errors="0" timestamp="2020-04-24T02:53:02" hostname="C02Y32E2JG5J" time="0.001">
  <properties/>
  <testcase name="calcSuperRate" classname="ProcessTest.SuperCalculatorTest" time="0.001"/>
  <system-out><![CDATA[]]></system-out>
  <system-err><![CDATA[]]></system-err>
</testsuite>
